<?xml version="1.0" encoding="UTF-8"?>
<testsuite xmlns:xsi="http://www.w3.org/2001/XMLSchema-instance" xsi:noNamespaceSchemaLocation="https://maven.apache.org/surefire/maven-surefire-plugin/xsd/surefire-test-report-3.0.xsd" version="3.0" name="com.springweb.example.ExampleApplicationTests" time="4.047" tests="1" errors="0" skipped="0" failures="0">
  <properties>
[...]
</properties>
  <testcase name="contextLoads" classname="com.springweb.example.ExampleApplicationTests" time="1.302">
    <system-out><![CDATA[10:35:54.311 [main] INFO org.springframework.test.context.support.AnnotationConfigContextLoaderUtils -- Could not detect default configuration classes for test class [com.springweb.example.ExampleApplicationTests]: ExampleApplicationTests does not declare any static, non-private, non-final, nested classes annotated with @Configuration.
10:35:54.447 [main] INFO org.springframework.boot.test.context.SpringBootTestContextBootstrapper -- Found @SpringBootConfiguration com.springweb.example.ExampleApplication for test class com.springweb.example.ExampleApplicationTests

  .   ____          _            __ _ _
 /\\ / ___'_ __ _ _(_)_ __  __ _ \ \ \ \
( ( )\___ | '_ | '_| | '_ \/ _` | \ \ \ \
 \\/  ___)| |_)| | | | | || (_| |  ) ) ) )
  '  |____| .__|_| |_|_| |_\__, | / / / /
 =========|_|==============|___/=/_/_/_/
 :: Spring Boot ::       (v3.1.2-SNAPSHOT)

2023-06-23T10:35:55.052+09:00  INFO 11836 --- [           main] c.s.example.ExampleApplicationTests      : Starting ExampleApplicationTests using Java 17.0.2 with PID 11836 (started by mongta_user in D:\workspace\web-example\example)
2023-06-23T10:35:55.055+09:00  INFO 11836 --- [           main] c.s.example.ExampleApplicationTests      : No active profile set, falling back to 1 default profile: "default"
2023-06-23T10:35:56.551+09:00  INFO 11836 --- [           main] o.s.b.a.w.s.WelcomePageHandlerMapping    : Adding welcome page: class path resource [static/index.html]
2023-06-23T10:35:56.742+09:00  INFO 11836 --- [           main] c.s.example.ExampleApplicationTests      : Started ExampleApplicationTests in 2.089 seconds (process running for 3.494)
]]></system-out>
  </testcase>
</testsuite>